<?xml version="1.0" encoding="UTF-8"?>
<!-- Generated by org.testng.reporters.JUnitReportReporter -->
<testsuite hostname="DESKTOP-1Q6NT74" failures="0" tests="1" name="com.learnautomation.framework.LoginTest" time="8.365" errors="0" timestamp="2023-06-05T11:23:27 IST" skipped="0">
  <testcase classname="com.learnautomation.framework.LoginTest" name="invaidLoginApplication" time="8.365"/>
  <system-out/>
</testsuite> <!-- com.learnautomation.framework.LoginTest -->
